<?xml version="1.0" encoding="UTF-8"?>
<!-- Generated by org.testng.reporters.JUnitReportReporter -->
<testsuite hostname="DESKTOP-8M9KI26" name="com.drivermethods.Notification" tests="1" failures="0" timestamp="22 Feb 2022 07:22:23 GMT" time="31.241" errors="0">
  <testcase name="install" time="31.241" classname="com.drivermethods.Notification"/>
</testsuite> <!-- com.drivermethods.Notification -->
