<?xml version="1.0" encoding="UTF-8"?>
<!-- Generated by org.testng.reporters.JUnitReportReporter -->
<testsuite hostname="DESKTOP-8M9KI26" name="TestScript.ZoomAndPinch" tests="1" failures="0" timestamp="23 Feb 2022 05:32:59 GMT" time="29.194" errors="0">
  <testcase name="scaleView" time="29.194" classname="TestScript.ZoomAndPinch"/>
</testsuite> <!-- TestScript.ZoomAndPinch -->
