<?xml version="1.0" encoding="UTF-8"?>
<!-- Generated by org.testng.reporters.JUnitReportReporter -->
<testsuite hostname="DESKTOP-8M9KI26" name="TestScript.GeneralStoreOperation" tests="1" failures="0" timestamp="23 Feb 2022 12:15:03 GMT" time="68.394" errors="0">
  <testcase name="install" time="68.394" classname="TestScript.GeneralStoreOperation"/>
</testsuite> <!-- TestScript.GeneralStoreOperation -->
