<?xml version="1.0" encoding="UTF-8"?>
<!-- Generated by org.testng.reporters.JUnitReportReporter -->
<testsuite hostname="DESKTOP-8M9KI26" name="com.drivermethods.Orientation" tests="1" failures="0" timestamp="22 Feb 2022 06:40:34 GMT" time="18.260" errors="0">
  <testcase name="install" time="18.260" classname="com.drivermethods.Orientation"/>
</testsuite> <!-- com.drivermethods.Orientation -->
