<?xml version="1.0" encoding="UTF-8"?>
<!-- Generated by org.testng.reporters.JUnitReportReporter -->
<testsuite hostname="DESKTOP-8M9KI26" name="TestScript.InstallGeneralStores" tests="1" failures="0" timestamp="22 Feb 2022 04:40:06 GMT" time="17.027" errors="0">
  <testcase name="install" time="17.027" classname="TestScript.InstallGeneralStores"/>
</testsuite> <!-- TestScript.InstallGeneralStores -->
