<?xml version="1.0" encoding="UTF-8"?>
<!-- Generated by org.testng.reporters.JUnitReportReporter -->
<testsuite hostname="DESKTOP-8M9KI26" name="com.drivermethods.WebApp" tests="1" failures="0" timestamp="23 Feb 2022 11:10:39 GMT" time="22.066" errors="0">
  <testcase name="install" time="22.066" classname="com.drivermethods.WebApp"/>
</testsuite> <!-- com.drivermethods.WebApp -->
