<?xml version="1.0" encoding="UTF-8"?>
<!-- Generated by org.testng.reporters.JUnitReportReporter -->
<testsuite hostname="DESKTOP-8M9KI26" name="TestScript.DragAndDrop" tests="1" failures="0" timestamp="21 Feb 2022 09:44:22 GMT" time="32.630" errors="0">
  <testcase name="apilaunch" time="32.630" classname="TestScript.DragAndDrop"/>
</testsuite> <!-- TestScript.DragAndDrop -->
