<?xml version="1.0" encoding="UTF-8"?>
<!-- Generated by org.testng.reporters.JUnitReportReporter -->
<testsuite hostname="DESKTOP-8M9KI26" name="TestScript.GeneralStr" tests="1" failures="0" timestamp="23 Feb 2022 12:16:58 GMT" time="58.983" errors="0">
  <testcase name="install" time="58.983" classname="TestScript.GeneralStr"/>
</testsuite> <!-- TestScript.GeneralStr -->
