<?xml version="1.0" encoding="UTF-8"?>
<!-- Generated by org.testng.reporters.JUnitReportReporter -->
<testsuite hostname="DESKTOP-8M9KI26" name="com.drivermethods.NetworkConnection" tests="1" failures="0" timestamp="22 Feb 2022 07:41:33 GMT" time="13.104" errors="0">
  <testcase name="install" time="13.104" classname="com.drivermethods.NetworkConnection"/>
</testsuite> <!-- com.drivermethods.NetworkConnection -->
