<?xml version="1.0" encoding="UTF-8"?>
<!-- Generated by org.testng.reporters.JUnitReportReporter -->
<testsuite hostname="DESKTOP-8M9KI26" name="TestScript.InstallTouch" tests="1" failures="0" timestamp="21 Feb 2022 09:55:35 GMT" time="20.794" errors="0">
  <testcase name="install" time="20.794" classname="TestScript.InstallTouch"/>
</testsuite> <!-- TestScript.InstallTouch -->
