<?xml version="1.0" encoding="UTF-8"?>
<!-- Generated by org.testng.reporters.JUnitReportReporter -->
<testsuite hostname="DESKTOP-8M9KI26" name="TestScript.Touch" tests="1" failures="0" timestamp="21 Feb 2022 07:36:09 GMT" time="13.196" errors="0">
  <testcase name="install" time="13.196" classname="TestScript.Touch"/>
</testsuite> <!-- TestScript.Touch -->
