<?xml version="1.0" encoding="UTF-8"?>
<!-- Generated by org.testng.reporters.JUnitReportReporter -->
<testsuite hostname="DESKTOP-8M9KI26" name="com.drivermethods.TostMessage" tests="1" failures="0" timestamp="22 Feb 2022 06:00:09 GMT" time="17.423" errors="0">
  <testcase name="install" time="17.423" classname="com.drivermethods.TostMessage"/>
</testsuite> <!-- com.drivermethods.TostMessage -->
