<?xml version="1.0" encoding="UTF-8"?>
<!-- Generated by org.testng.reporters.JUnitReportReporter -->
<testsuite hostname="DESKTOP-8M9KI26" name="TestScript.Install" tests="1" failures="0" timestamp="21 Feb 2022 05:23:06 GMT" time="26.900" errors="0">
  <testcase name="install" time="26.900" classname="TestScript.Install"/>
</testsuite> <!-- TestScript.Install -->
