<?xml version="1.0" encoding="UTF-8"?>
<!-- Generated by org.testng.reporters.JUnitReportReporter -->
<testsuite hostname="DESKTOP-8M9KI26" name="com.drivermethods.RunappInBackGround" tests="1" failures="0" timestamp="22 Feb 2022 05:28:48 GMT" time="34.060" errors="0">
  <testcase name="install" time="34.060" classname="com.drivermethods.RunappInBackGround"/>
</testsuite> <!-- com.drivermethods.RunappInBackGround -->
