<?xml version="1.0" encoding="UTF-8"?>
<!-- Generated by org.testng.reporters.JUnitReportReporter -->
<testsuite hostname="DESKTOP-8M9KI26" name="TestScript.TouchT" tests="1" failures="0" timestamp="21 Feb 2022 09:26:18 GMT" time="39.730" errors="0">
  <testcase name="install" time="39.730" classname="TestScript.TouchT"/>
</testsuite> <!-- TestScript.TouchT -->
