<?xml version="1.0" encoding="UTF-8"?>
<!-- Generated by org.testng.reporters.JUnitReportReporter -->
<testsuite hostname="DESKTOP-8M9KI26" name="com.drivermethods.AndroidKey_Action" tests="1" failures="0" timestamp="23 Feb 2022 05:08:09 GMT" time="26.889" errors="0">
  <testcase name="apilaunch" time="26.889" classname="com.drivermethods.AndroidKey_Action"/>
</testsuite> <!-- com.drivermethods.AndroidKey_Action -->
