<?xml version="1.0" encoding="UTF-8"?>
<!-- Generated by org.testng.reporters.JUnitReportReporter -->
<testsuite hostname="DESKTOP-8M9KI26" name="TestScript.GeneralStoreOperation" tests="1" failures="0" timestamp="21 Feb 2022 15:07:01 GMT" time="71.126" errors="0">
  <testcase name="install" time="71.126" classname="TestScript.GeneralStoreOperation"/>
</testsuite> <!-- TestScript.GeneralStoreOperation -->
